<?xml version="1.0" encoding="utf-8"?>
<tests>
	<test description="Run this as SyringeUser, it should fail" url="http://www.bing.com/search" method="GET" expectedhttpstatuscode="200">
		<headers />
		<postbody />
		<capturedvariables />
		<assertions />
		<beforeExecuteScript><![CDATA[System.IO.File.Delete(@"C:\test.txt");]]></beforeExecuteScript>
	</test>
</tests>